  LastVersion.cpp
C:\Users\USER\Desktop\LastVersion\LastVersion\LastVersion.cpp(96,20): warning C4244: 'return': conversion from 'WPARAM' to 'int', possible loss of data
C:\Users\USER\Desktop\LastVersion\LastVersion\LastVersion.cpp(130,11): warning C4244: 'initializing': conversion from 'double' to 'int', possible loss of data
C:\Users\USER\Desktop\LastVersion\LastVersion\LastVersion.cpp(228,35): warning C4244: 'argument': conversion from 'double' to 'int', possible loss of data
C:\Users\USER\Desktop\LastVersion\LastVersion\LastVersion.cpp(229,21): warning C4244: 'argument': conversion from 'double' to 'int', possible loss of data
C:\Users\USER\Desktop\LastVersion\LastVersion\LastVersion.cpp(240,32): warning C4244: 'argument': conversion from 'double' to 'int', possible loss of data
C:\Users\USER\Desktop\LastVersion\LastVersion\LastVersion.cpp(241,18): warning C4244: 'argument': conversion from 'double' to 'int', possible loss of data
C:\Users\USER\Desktop\LastVersion\LastVersion\LastVersion.cpp(315,18): warning C4244: '=': conversion from 'double' to 'int', possible loss of data
C:\Users\USER\Desktop\LastVersion\LastVersion\LastVersion.cpp(316,18): warning C4244: '=': conversion from 'double' to 'int', possible loss of data
C:\Users\USER\Desktop\LastVersion\LastVersion\LastVersion.cpp(329,18): warning C4244: '=': conversion from 'double' to 'int', possible loss of data
C:\Users\USER\Desktop\LastVersion\LastVersion\LastVersion.cpp(338,45): warning C4244: 'argument': conversion from 'double' to 'int', possible loss of data
C:\Users\USER\Desktop\LastVersion\LastVersion\LastVersion.cpp(338,35): warning C4244: 'argument': conversion from 'double' to 'int', possible loss of data
C:\Users\USER\Desktop\LastVersion\LastVersion\LastVersion.cpp(344,49): warning C4244: 'argument': conversion from 'double' to 'int', possible loss of data
C:\Users\USER\Desktop\LastVersion\LastVersion\LastVersion.cpp(344,39): warning C4244: 'argument': conversion from 'double' to 'int', possible loss of data
C:\Users\USER\Desktop\LastVersion\LastVersion\LastVersion.cpp(429,42): warning C4244: 'argument': conversion from 'double' to 'int', possible loss of data
C:\Users\USER\Desktop\LastVersion\LastVersion\LastVersion.cpp(429,37): warning C4244: 'argument': conversion from 'double' to 'int', possible loss of data
C:\Users\USER\Desktop\LastVersion\LastVersion\LastVersion.cpp(433,29): warning C4244: 'argument': conversion from 'double' to 'int', possible loss of data
C:\Users\USER\Desktop\LastVersion\LastVersion\LastVersion.cpp(433,24): warning C4244: 'argument': conversion from 'double' to 'int', possible loss of data
C:\Users\USER\Desktop\LastVersion\LastVersion\LastVersion.cpp(436,33): warning C4244: 'argument': conversion from 'double' to 'int', possible loss of data
C:\Users\USER\Desktop\LastVersion\LastVersion\LastVersion.cpp(436,27): warning C4244: 'argument': conversion from 'double' to 'int', possible loss of data
C:\Users\USER\Desktop\LastVersion\LastVersion\LastVersion.cpp(437,33): warning C4244: 'argument': conversion from 'double' to 'int', possible loss of data
C:\Users\USER\Desktop\LastVersion\LastVersion\LastVersion.cpp(437,27): warning C4244: 'argument': conversion from 'double' to 'int', possible loss of data
C:\Users\USER\Desktop\LastVersion\LastVersion\LastVersion.cpp(438,32): warning C4244: 'argument': conversion from 'double' to 'int', possible loss of data
C:\Users\USER\Desktop\LastVersion\LastVersion\LastVersion.cpp(438,24): warning C4244: 'argument': conversion from 'double' to 'int', possible loss of data
C:\Users\USER\Desktop\LastVersion\LastVersion\LastVersion.cpp(439,32): warning C4244: 'argument': conversion from 'double' to 'int', possible loss of data
C:\Users\USER\Desktop\LastVersion\LastVersion\LastVersion.cpp(439,24): warning C4244: 'argument': conversion from 'double' to 'int', possible loss of data
C:\Users\USER\Desktop\LastVersion\LastVersion\LastVersion.cpp(810,15): warning C4244: 'initializing': conversion from 'double' to 'int', possible loss of data
C:\Users\USER\Desktop\LastVersion\LastVersion\LastVersion.cpp(811,15): warning C4244: 'initializing': conversion from 'double' to 'int', possible loss of data
C:\Users\USER\Desktop\LastVersion\LastVersion\LastVersion.cpp(1024,15): warning C4244: 'initializing': conversion from 'double' to 'int', possible loss of data
C:\Users\USER\Desktop\LastVersion\LastVersion\LastVersion.cpp(1025,15): warning C4244: 'initializing': conversion from 'double' to 'int', possible loss of data
C:\Users\USER\Desktop\LastVersion\LastVersion\LastVersion.cpp(1041,15): warning C4244: 'initializing': conversion from 'double' to 'int', possible loss of data
C:\Users\USER\Desktop\LastVersion\LastVersion\LastVersion.cpp(1042,15): warning C4244: 'initializing': conversion from 'double' to 'int', possible loss of data
C:\Users\USER\Desktop\LastVersion\LastVersion\LastVersion.cpp(1297,38): warning C4244: 'argument': conversion from 'double' to 'int', possible loss of data
C:\Users\USER\Desktop\LastVersion\LastVersion\LastVersion.cpp(1297,28): warning C4244: 'argument': conversion from 'double' to 'int', possible loss of data
C:\Users\USER\Desktop\LastVersion\LastVersion\LastVersion.cpp(1305,26): warning C4244: '=': conversion from 'double' to 'int', possible loss of data
C:\Users\USER\Desktop\LastVersion\LastVersion\LastVersion.cpp(1306,26): warning C4244: '=': conversion from 'double' to 'int', possible loss of data
C:\Users\USER\Desktop\LastVersion\LastVersion\LastVersion.cpp(1308,22): warning C4244: '=': conversion from 'double' to 'int', possible loss of data
C:\Users\USER\Desktop\LastVersion\LastVersion\LastVersion.cpp(1309,22): warning C4244: '=': conversion from 'double' to 'int', possible loss of data
C:\Users\USER\Desktop\LastVersion\LastVersion\LastVersion.cpp(1310,26): warning C4244: '=': conversion from 'double' to 'int', possible loss of data
C:\Users\USER\Desktop\LastVersion\LastVersion\LastVersion.cpp(1311,26): warning C4244: '=': conversion from 'double' to 'int', possible loss of data
C:\Users\USER\Desktop\LastVersion\LastVersion\LastVersion.cpp(2336,66): warning C4244: 'argument': conversion from 'double' to 'int', possible loss of data
C:\Users\USER\Desktop\LastVersion\LastVersion\LastVersion.cpp(2336,57): warning C4244: 'argument': conversion from 'double' to 'int', possible loss of data
C:\Users\USER\Desktop\LastVersion\LastVersion\LastVersion.cpp(2336,48): warning C4244: 'argument': conversion from 'double' to 'int', possible loss of data
C:\Users\USER\Desktop\LastVersion\LastVersion\LastVersion.cpp(2336,39): warning C4244: 'argument': conversion from 'double' to 'int', possible loss of data
C:\Users\USER\Desktop\LastVersion\LastVersion\LastVersion.cpp(2352,70): warning C4244: 'argument': conversion from 'double' to 'int', possible loss of data
C:\Users\USER\Desktop\LastVersion\LastVersion\LastVersion.cpp(2352,61): warning C4244: 'argument': conversion from 'double' to 'int', possible loss of data
C:\Users\USER\Desktop\LastVersion\LastVersion\LastVersion.cpp(2352,52): warning C4244: 'argument': conversion from 'double' to 'int', possible loss of data
C:\Users\USER\Desktop\LastVersion\LastVersion\LastVersion.cpp(2352,43): warning C4244: 'argument': conversion from 'double' to 'int', possible loss of data
  LastVersion.vcxproj -> C:\Users\USER\Desktop\LastVersion\x64\Debug\LastVersion.exe
